[2022-06-14 11:54:47.062] [jointLog] [info] Fragment incompatibility prior below threshold.  Incompatible fragments will be ignored.
[2022-06-14 11:54:47.062] [jointLog] [info] Usage of --validateMappings implies use of minScoreFraction. Since not explicitly specified, it is being set to 0.65
[2022-06-14 11:54:47.062] [jointLog] [info] Usage of --validateMappings, without --hardFilter implies use of range factorization. rangeFactorizationBins is being set to 4
[2022-06-14 11:54:47.062] [jointLog] [info] Usage of --validateMappings implies a default consensus slack of 0.2. Setting consensusSlack to 0.2.
[2022-06-14 11:54:47.062] [jointLog] [info] parsing read library format
[2022-06-14 11:54:47.062] [jointLog] [info] There is 1 library.
[2022-06-14 11:54:47.158] [jointLog] [info] Loading Quasi index
[2022-06-14 11:54:47.158] [jointLog] [info] Loading 32-bit quasi index
[2022-06-14 11:54:47.169] [jointLog] [info] done
[2022-06-14 11:54:47.169] [jointLog] [info] Index contained 92 targets
[2022-06-14 11:54:47.676] [jointLog] [info] Automatically detected most likely library type as ISR
[2022-06-14 11:54:48.146] [jointLog] [info] Thread saw mini-batch with a maximum of 0.06% zero probability fragments
[2022-06-14 11:54:48.152] [jointLog] [info] Thread saw mini-batch with a maximum of 0.10% zero probability fragments
[2022-06-14 11:54:48.177] [jointLog] [info] Thread saw mini-batch with a maximum of 0.06% zero probability fragments
[2022-06-14 11:54:48.268] [jointLog] [info] Thread saw mini-batch with a maximum of 0.10% zero probability fragments
[2022-06-14 11:54:48.278] [jointLog] [info] Thread saw mini-batch with a maximum of 0.04% zero probability fragments
[2022-06-14 11:54:48.283] [jointLog] [info] Thread saw mini-batch with a maximum of 0.12% zero probability fragments
[2022-06-14 11:54:48.352] [jointLog] [info] Thread saw mini-batch with a maximum of 0.10% zero probability fragments
[2022-06-14 11:54:48.367] [jointLog] [info] Thread saw mini-batch with a maximum of 0.02% zero probability fragments
[2022-06-14 11:54:48.372] [jointLog] [info] Thread saw mini-batch with a maximum of 0.02% zero probability fragments
[2022-06-14 11:54:48.373] [jointLog] [info] Thread saw mini-batch with a maximum of 0.02% zero probability fragments
[2022-06-14 11:54:48.375] [jointLog] [info] Thread saw mini-batch with a maximum of 0.10% zero probability fragments
[2022-06-14 11:54:48.377] [jointLog] [info] Thread saw mini-batch with a maximum of 0.08% zero probability fragments
[2022-06-14 11:54:48.380] [jointLog] [info] Thread saw mini-batch with a maximum of 0.04% zero probability fragments
[2022-06-14 11:54:48.381] [jointLog] [info] Thread saw mini-batch with a maximum of 0.06% zero probability fragments
[2022-06-14 11:54:48.382] [jointLog] [info] Thread saw mini-batch with a maximum of 0.04% zero probability fragments
[2022-06-14 11:54:48.382] [jointLog] [info] Thread saw mini-batch with a maximum of 0.06% zero probability fragments
[2022-06-14 11:54:48.422] [jointLog] [info] Computed 72 rich equivalence classes for further processing
[2022-06-14 11:54:48.422] [jointLog] [info] Counted 236,209 total reads in the equivalence classes 
[2022-06-14 11:54:48.434] [jointLog] [info] Number of mappings discarded because of alignment score : 0
[2022-06-14 11:54:48.434] [jointLog] [info] Number of fragments entirely discarded because of alignment score : 0
[2022-06-14 11:54:48.434] [jointLog] [info] Number of fragments discarded because they have only dovetail (discordant) mappings : 730
[2022-06-14 11:54:48.434] [jointLog] [warning] Only 236209 fragments were mapped, but the number of burn-in fragments was set to 5000000.
The effective lengths have been computed using the observed mappings.

[2022-06-14 11:54:48.434] [jointLog] [info] Mapping rate = 99.6587%

[2022-06-14 11:54:48.434] [jointLog] [info] finished quantifyLibrary()
[2022-06-14 11:54:48.435] [jointLog] [info] Starting optimizer
[2022-06-14 11:54:48.436] [jointLog] [info] Marked 0 weighted equivalence classes as degenerate
[2022-06-14 11:54:48.436] [jointLog] [info] iteration = 0 | max rel diff. = 2554.36
[2022-06-14 11:54:48.439] [jointLog] [info] iteration = 100 | max rel diff. = 0
[2022-06-14 11:54:48.439] [jointLog] [info] Finished optimizer
[2022-06-14 11:54:48.439] [jointLog] [info] writing output 

[2022-06-14 11:54:48.422] [fileLog] [info] 
At end of round 0
==================
Observed 237018 total fragments (237018 in most recent round)

