[2022-06-14 11:54:47.062] [jointLog] [info] Fragment incompatibility prior below threshold.  Incompatible fragments will be ignored.
[2022-06-14 11:54:47.062] [jointLog] [info] Usage of --validateMappings implies use of minScoreFraction. Since not explicitly specified, it is being set to 0.65
[2022-06-14 11:54:47.062] [jointLog] [info] Usage of --validateMappings, without --hardFilter implies use of range factorization. rangeFactorizationBins is being set to 4
[2022-06-14 11:54:47.062] [jointLog] [info] Usage of --validateMappings implies a default consensus slack of 0.2. Setting consensusSlack to 0.2.
[2022-06-14 11:54:47.063] [jointLog] [info] parsing read library format
[2022-06-14 11:54:47.063] [jointLog] [info] There is 1 library.
[2022-06-14 11:54:47.158] [jointLog] [info] Loading Quasi index
[2022-06-14 11:54:47.158] [jointLog] [info] Loading 32-bit quasi index
[2022-06-14 11:54:47.169] [jointLog] [info] done
[2022-06-14 11:54:47.169] [jointLog] [info] Index contained 92 targets
[2022-06-14 11:54:47.595] [jointLog] [info] Automatically detected most likely library type as ISR
[2022-06-14 11:54:47.671] [jointLog] [info] Thread saw mini-batch with a maximum of 0.02% zero probability fragments
[2022-06-14 11:54:47.677] [jointLog] [info] Thread saw mini-batch with a maximum of 0.04% zero probability fragments
[2022-06-14 11:54:47.681] [jointLog] [info] Thread saw mini-batch with a maximum of 0.02% zero probability fragments
[2022-06-14 11:54:47.698] [jointLog] [info] Thread saw mini-batch with a maximum of 0.04% zero probability fragments
[2022-06-14 11:54:47.721] [jointLog] [info] Thread saw mini-batch with a maximum of 0.03% zero probability fragments
[2022-06-14 11:54:47.745] [jointLog] [info] Thread saw mini-batch with a maximum of 0.02% zero probability fragments
[2022-06-14 11:54:47.771] [jointLog] [info] Thread saw mini-batch with a maximum of 0.02% zero probability fragments
[2022-06-14 11:54:47.830] [jointLog] [info] Thread saw mini-batch with a maximum of 0.02% zero probability fragments
[2022-06-14 11:54:47.834] [jointLog] [info] Thread saw mini-batch with a maximum of 0.08% zero probability fragments
[2022-06-14 11:54:47.845] [jointLog] [info] Thread saw mini-batch with a maximum of 0.02% zero probability fragments
[2022-06-14 11:54:47.865] [jointLog] [info] Thread saw mini-batch with a maximum of 0.02% zero probability fragments
[2022-06-14 11:54:47.872] [jointLog] [info] Thread saw mini-batch with a maximum of 0.02% zero probability fragments
[2022-06-14 11:54:47.901] [jointLog] [info] Computed 67 rich equivalence classes for further processing
[2022-06-14 11:54:47.901] [jointLog] [info] Counted 122,251 total reads in the equivalence classes 
[2022-06-14 11:54:47.912] [jointLog] [info] Number of mappings discarded because of alignment score : 0
[2022-06-14 11:54:47.912] [jointLog] [info] Number of fragments entirely discarded because of alignment score : 0
[2022-06-14 11:54:47.912] [jointLog] [info] Number of fragments discarded because they have only dovetail (discordant) mappings : 824
[2022-06-14 11:54:47.913] [jointLog] [warning] Only 122251 fragments were mapped, but the number of burn-in fragments was set to 5000000.
The effective lengths have been computed using the observed mappings.

[2022-06-14 11:54:47.913] [jointLog] [info] Mapping rate = 99.316%

[2022-06-14 11:54:47.913] [jointLog] [info] finished quantifyLibrary()
[2022-06-14 11:54:47.913] [jointLog] [info] Starting optimizer
[2022-06-14 11:54:47.915] [jointLog] [info] Marked 0 weighted equivalence classes as degenerate
[2022-06-14 11:54:47.915] [jointLog] [info] iteration = 0 | max rel diff. = 1324.57
[2022-06-14 11:54:47.920] [jointLog] [info] iteration = 100 | max rel diff. = 0
[2022-06-14 11:54:47.920] [jointLog] [info] Finished optimizer
[2022-06-14 11:54:47.920] [jointLog] [info] writing output 

[2022-06-14 11:54:47.901] [fileLog] [info] 
At end of round 0
==================
Observed 123093 total fragments (123093 in most recent round)

