[2022-06-14 11:54:47.063] [jointLog] [info] Fragment incompatibility prior below threshold.  Incompatible fragments will be ignored.
[2022-06-14 11:54:47.063] [jointLog] [info] Usage of --validateMappings implies use of minScoreFraction. Since not explicitly specified, it is being set to 0.65
[2022-06-14 11:54:47.063] [jointLog] [info] Usage of --validateMappings, without --hardFilter implies use of range factorization. rangeFactorizationBins is being set to 4
[2022-06-14 11:54:47.063] [jointLog] [info] Usage of --validateMappings implies a default consensus slack of 0.2. Setting consensusSlack to 0.2.
[2022-06-14 11:54:47.063] [jointLog] [info] parsing read library format
[2022-06-14 11:54:47.063] [jointLog] [info] There is 1 library.
[2022-06-14 11:54:47.158] [jointLog] [info] Loading Quasi index
[2022-06-14 11:54:47.158] [jointLog] [info] Loading 32-bit quasi index
[2022-06-14 11:54:47.169] [jointLog] [info] done
[2022-06-14 11:54:47.169] [jointLog] [info] Index contained 92 targets
[2022-06-14 11:54:47.759] [jointLog] [info] Automatically detected most likely library type as ISR
[2022-06-14 11:54:48.037] [jointLog] [info] Thread saw mini-batch with a maximum of 0.02% zero probability fragments
[2022-06-14 11:54:48.037] [jointLog] [info] Thread saw mini-batch with a maximum of 0.04% zero probability fragments
[2022-06-14 11:54:48.038] [jointLog] [info] Thread saw mini-batch with a maximum of 0.02% zero probability fragments
[2022-06-14 11:54:48.038] [jointLog] [info] Thread saw mini-batch with a maximum of 0.02% zero probability fragments
[2022-06-14 11:54:48.038] [jointLog] [info] Thread saw mini-batch with a maximum of 0.08% zero probability fragments
[2022-06-14 11:54:48.040] [jointLog] [info] Thread saw mini-batch with a maximum of 0.04% zero probability fragments
[2022-06-14 11:54:48.045] [jointLog] [info] Thread saw mini-batch with a maximum of 0.02% zero probability fragments
[2022-06-14 11:54:48.053] [jointLog] [info] Thread saw mini-batch with a maximum of 0.06% zero probability fragments
[2022-06-14 11:54:48.074] [jointLog] [info] Thread saw mini-batch with a maximum of 0.04% zero probability fragments
[2022-06-14 11:54:48.110] [jointLog] [info] Thread saw mini-batch with a maximum of 0.04% zero probability fragments
[2022-06-14 11:54:48.114] [jointLog] [info] Thread saw mini-batch with a maximum of 0.02% zero probability fragments
[2022-06-14 11:54:48.121] [jointLog] [info] Thread saw mini-batch with a maximum of 0.06% zero probability fragments
[2022-06-14 11:54:48.172] [jointLog] [info] Thread saw mini-batch with a maximum of 0.02% zero probability fragments
[2022-06-14 11:54:48.201] [jointLog] [info] Computed 72 rich equivalence classes for further processing
[2022-06-14 11:54:48.201] [jointLog] [info] Counted 156,871 total reads in the equivalence classes 
[2022-06-14 11:54:48.214] [jointLog] [info] Number of mappings discarded because of alignment score : 0
[2022-06-14 11:54:48.214] [jointLog] [info] Number of fragments entirely discarded because of alignment score : 0
[2022-06-14 11:54:48.214] [jointLog] [info] Number of fragments discarded because they have only dovetail (discordant) mappings : 1,109
[2022-06-14 11:54:48.214] [jointLog] [warning] Only 156871 fragments were mapped, but the number of burn-in fragments was set to 5000000.
The effective lengths have been computed using the observed mappings.

[2022-06-14 11:54:48.214] [jointLog] [info] Mapping rate = 99.2798%

[2022-06-14 11:54:48.214] [jointLog] [info] finished quantifyLibrary()
[2022-06-14 11:54:48.215] [jointLog] [info] Starting optimizer
[2022-06-14 11:54:48.217] [jointLog] [info] Marked 0 weighted equivalence classes as degenerate
[2022-06-14 11:54:48.217] [jointLog] [info] iteration = 0 | max rel diff. = 1698.77
[2022-06-14 11:54:48.220] [jointLog] [info] iteration = 100 | max rel diff. = 0
[2022-06-14 11:54:48.220] [jointLog] [info] Finished optimizer
[2022-06-14 11:54:48.220] [jointLog] [info] writing output 

[2022-06-14 11:54:48.201] [fileLog] [info] 
At end of round 0
==================
Observed 158009 total fragments (158009 in most recent round)

